<?xml version="1.0" encoding="UTF-8"?>
<!-- Generated by org.testng.reporters.JUnitReportReporter -->
<testsuite hostname="LAPTOP-NCVSEGR2" failures="0" tests="1" name="test_Facebook.TestCase1" time="64.214" errors="0" timestamp="2024-03-05T18:34:16 IST" skipped="0">
  <testcase classname="test_Facebook.TestCase1" name="login_with_valid_credentials" time="64.214"/>
  <system-out/>
</testsuite> <!-- test_Facebook.TestCase1 -->
