<?xml version="1.0" encoding="UTF-8"?>
<!-- Generated by org.testng.reporters.JUnitReportReporter -->
<testsuite hostname="LAPTOP-NCVSEGR2" failures="0" tests="1" name="test_Amazon.TestCase1" time="69.018" errors="0" timestamp="2024-03-05T14:28:08 IST" skipped="0">
  <testcase classname="test_Amazon.TestCase1" name="login_to_amazon" time="69.018"/>
  <system-out/>
</testsuite> <!-- test_Amazon.TestCase1 -->
